{
  "stats": {
    "suites": 1,
    "tests": 2,
    "passes": 1,
    "pending": 0,
    "failures": 1,
    "start": "2023-06-27T03:04:17.827Z",
    "end": "2023-06-27T03:04:45.828Z",
    "duration": 28001,
    "testsRegistered": 2,
    "passPercent": 50,
    "pendingPercent": 0,
    "other": 0,
    "hasOther": false,
    "skipped": 0,
    "hasSkipped": false
  },
  "results": [
    {
      "uuid": "2394b295-72e0-470b-af16-ecf4ccc77ada",
      "title": "",
      "fullFile": "cypress\\e2e\\login.cy.js",
      "file": "cypress\\e2e\\login.cy.js",
      "beforeHooks": [],
      "afterHooks": [],
      "tests": [],
      "suites": [
        {
          "uuid": "993aa020-3770-40a0-90db-b63b59799486",
          "title": "Testes de login e navegação",
          "fullFile": "",
          "file": "",
          "beforeHooks": [],
          "afterHooks": [],
          "tests": [
            {
              "title": "Teste do Menu de Navegação",
              "fullTitle": "Testes de login e navegação Teste do Menu de Navegação",
              "timedOut": null,
              "duration": 19735,
              "state": "failed",
              "speed": null,
              "pass": false,
              "fail": true,
              "pending": false,
              "context": null,
              "code": "cy.get('.bm-burger-button').click();\ncy.wait(500);\ncy.get('#inventory_sidebar_link').should('be.visible');\ncy.get('#about_sidebar_link').should('be.visible');\ncy.get('#logout_sidebar_link').should('be.visible');\ncy.get('#reset_sidebar_link').should('be.visible');\ncy.get('.bm-cross-button').click();\ncy.wait(500);\ncy.get('#item_4_title_link > .inventory_item_name').click();\ncy.wait(500);\ncy.get('.bm-burger-button').click();\ncy.wait(500);\ncy.get('#inventory_sidebar_link').click();\ncy.wait(1000);\ncy.get('.bm-burger-button').click();\ncy.get('#about_sidebar_link').click();\ncy.url().should('eq', 'https://saucelabs.com/');\ncy.go('back');\ncy.wait(500);\ncy.get('[data-test=\"add-to-cart-sauce-labs-backpack\"]').click();\ncy.wait(500);\ncy.get('.bm-burger-button').click();\ncy.get('#reset_sidebar_link').click();\ncy.wait(1000);\ncy.scrollTo('top');\ncy.contains('.shopping_cart_badge').should('not.exist');\ncy.get('[data-test=\"add-to-cart-sauce-labs-backpack\"]').should('be.visible');\ncy.wait(1000);\ncy.get('.bm-burger-button').click();\ncy.get('#logout_sidebar_link').click();",
              "err": {
                "message": "AssertionError: Timed out retrying after 4000ms: Expected to find element: `[data-test=\"add-to-cart-sauce-labs-backpack\"]`, but never found it.",
                "estack": "AssertionError: Timed out retrying after 4000ms: Expected to find element: `[data-test=\"add-to-cart-sauce-labs-backpack\"]`, but never found it.\n    at Context.eval (webpack:///./cypress/e2e/login.cy.js:49:64)",
                "diff": null
              },
              "uuid": "689e9a21-e49d-44c6-a9dd-b2a2491bf8c1",
              "parentUUID": "993aa020-3770-40a0-90db-b63b59799486",
              "isHook": false,
              "skipped": false
            },
            {
              "title": "Teste de Elementos de Navegação",
              "fullTitle": "Testes de login e navegação Teste de Elementos de Navegação",
              "timedOut": null,
              "duration": 6637,
              "state": "passed",
              "speed": "medium",
              "pass": true,
              "fail": false,
              "pending": false,
              "context": null,
              "code": "cy.get(':nth-child(2) > :nth-child(1) > #inventory_container').should('be.visible');\ncy.get('.inventory_item').first().find('.btn_primary').should('be.visible');\ncy.get('#item_4_img_link > .inventory_item_img').should('be.visible');\ncy.get('#item_4_title_link > .inventory_item_name').should('be.visible');\ncy.get(':nth-child(1) > .inventory_item_description > .inventory_item_label > .inventory_item_desc').should('be.visible');\ncy.get(':nth-child(1) > .inventory_item_description > .pricebar > .inventory_item_price').should('be.visible');\ncy.wait(1000);\ncy.scrollTo('bottom');\ncy.get('.footer').should('be.visible');\ncy.wait(1000);\ncy.scrollTo('top');\ncy.get('#item_0_title_link > .inventory_item_name').click();\ncy.wait(500);\ncy.get('[data-test=\"back-to-products\"]').click();\ncy.wait(1000);\ncy.get('#item_0_img_link').click();\ncy.wait(500);\ncy.get('[data-test=\"back-to-products\"]').click();",
              "err": {},
              "uuid": "79a7fd99-349a-40fb-8d85-09bb37d1cf6c",
              "parentUUID": "993aa020-3770-40a0-90db-b63b59799486",
              "isHook": false,
              "skipped": false
            }
          ],
          "suites": [],
          "passes": [
            "79a7fd99-349a-40fb-8d85-09bb37d1cf6c"
          ],
          "failures": [
            "689e9a21-e49d-44c6-a9dd-b2a2491bf8c1"
          ],
          "pending": [],
          "skipped": [],
          "duration": 26372,
          "root": false,
          "rootEmpty": false,
          "_timeout": 2000
        }
      ],
      "passes": [],
      "failures": [],
      "pending": [],
      "skipped": [],
      "duration": 0,
      "root": true,
      "rootEmpty": true,
      "_timeout": 2000
    }
  ],
  "meta": {
    "mocha": {
      "version": "7.0.1"
    },
    "mochawesome": {
      "options": {
        "quiet": false,
        "reportFilename": "mochawesome",
        "saveHtml": true,
        "saveJson": true,
        "consoleReporter": "spec",
        "useInlineDiffs": false,
        "code": true
      },
      "version": "7.1.3"
    },
    "marge": {
      "options": null,
      "version": "6.2.0"
    }
  }
}